{"contracts/Remittance.sol":{"l":{"17":10,"18":9,"19":9,"20":8,"21":7,"22":6,"23":6,"24":5,"26":4,"28":4,"30":4,"34":2,"35":2,"37":2,"39":1,"41":1,"42":1,"44":1,"46":1,"50":1,"52":1,"54":1,"58":2,"60":2,"64":0,"68":1},"path":"/home/string/dev/work/Remittance-A/contracts/Remittance.sol","s":{"1":10,"2":9,"3":9,"4":8,"5":7,"6":6,"7":6,"8":5,"9":4,"10":4,"11":4,"12":2,"13":2,"14":2,"15":1,"16":1,"17":1,"18":1,"19":1,"20":1,"21":2,"22":2,"23":0,"24":1},"b":{"1":[9,1],"2":[9,0],"3":[8,1],"4":[7,1],"5":[6,1],"6":[6,0],"7":[5,1],"8":[4,1],"9":[1,1],"10":[1,0]},"f":{"1":10,"2":2,"3":1,"4":2,"5":0,"6":1},"fnMap":{"1":{"name":"addRemittance","line":16,"loc":{"start":{"line":16,"column":4},"end":{"line":16,"column":97}}},"2":{"name":"withdraw","line":33,"loc":{"start":{"line":33,"column":4},"end":{"line":33,"column":89}}},"3":{"name":"ownerWithdraw","line":49,"loc":{"start":{"line":49,"column":4},"end":{"line":49,"column":43}}},"4":{"name":"setCommissionPercentage","line":57,"loc":{"start":{"line":57,"column":4},"end":{"line":57,"column":63}}},"5":{"name":"getValue","line":63,"loc":{"start":{"line":63,"column":4},"end":{"line":63,"column":59}}},"6":{"name":"getContractBalance","line":67,"loc":{"start":{"line":67,"column":4},"end":{"line":67,"column":58}}}},"statementMap":{"1":{"start":{"line":17,"column":8},"end":{"line":17,"column":29}},"2":{"start":{"line":18,"column":8},"end":{"line":18,"column":39}},"3":{"start":{"line":19,"column":8},"end":{"line":19,"column":39}},"4":{"start":{"line":20,"column":8},"end":{"line":20,"column":39}},"5":{"start":{"line":21,"column":8},"end":{"line":21,"column":34}},"6":{"start":{"line":22,"column":8},"end":{"line":22,"column":40}},"7":{"start":{"line":23,"column":8},"end":{"line":23,"column":40}},"8":{"start":{"line":24,"column":8},"end":{"line":24,"column":35}},"9":{"start":{"line":26,"column":8},"end":{"line":26,"column":99}},"10":{"start":{"line":28,"column":8},"end":{"line":28,"column":40}},"11":{"start":{"line":30,"column":8},"end":{"line":30,"column":61}},"12":{"start":{"line":34,"column":8},"end":{"line":34,"column":99}},"13":{"start":{"line":35,"column":8},"end":{"line":35,"column":36}},"14":{"start":{"line":37,"column":8},"end":{"line":37,"column":25}},"15":{"start":{"line":39,"column":8},"end":{"line":39,"column":32}},"16":{"start":{"line":41,"column":8},"end":{"line":41,"column":61}},"17":{"start":{"line":42,"column":8},"end":{"line":42,"column":26}},"18":{"start":{"line":44,"column":8},"end":{"line":44,"column":69}},"19":{"start":{"line":50,"column":8},"end":{"line":50,"column":41}},"20":{"start":{"line":52,"column":8},"end":{"line":52,"column":33}},"21":{"start":{"line":58,"column":8},"end":{"line":58,"column":35}},"22":{"start":{"line":60,"column":8},"end":{"line":60,"column":39}},"23":{"start":{"line":64,"column":8},"end":{"line":64,"column":31}},"24":{"start":{"line":68,"column":8},"end":{"line":68,"column":36}}},"branchMap":{"1":{"line":17,"type":"if","locations":[{"start":{"line":17,"column":8},"end":{"line":17,"column":8}},{"start":{"line":17,"column":8},"end":{"line":17,"column":8}}]},"2":{"line":18,"type":"if","locations":[{"start":{"line":18,"column":8},"end":{"line":18,"column":8}},{"start":{"line":18,"column":8},"end":{"line":18,"column":8}}]},"3":{"line":19,"type":"if","locations":[{"start":{"line":19,"column":8},"end":{"line":19,"column":8}},{"start":{"line":19,"column":8},"end":{"line":19,"column":8}}]},"4":{"line":20,"type":"if","locations":[{"start":{"line":20,"column":8},"end":{"line":20,"column":8}},{"start":{"line":20,"column":8},"end":{"line":20,"column":8}}]},"5":{"line":21,"type":"if","locations":[{"start":{"line":21,"column":8},"end":{"line":21,"column":8}},{"start":{"line":21,"column":8},"end":{"line":21,"column":8}}]},"6":{"line":22,"type":"if","locations":[{"start":{"line":22,"column":8},"end":{"line":22,"column":8}},{"start":{"line":22,"column":8},"end":{"line":22,"column":8}}]},"7":{"line":23,"type":"if","locations":[{"start":{"line":23,"column":8},"end":{"line":23,"column":8}},{"start":{"line":23,"column":8},"end":{"line":23,"column":8}}]},"8":{"line":24,"type":"if","locations":[{"start":{"line":24,"column":8},"end":{"line":24,"column":8}},{"start":{"line":24,"column":8},"end":{"line":24,"column":8}}]},"9":{"line":37,"type":"if","locations":[{"start":{"line":37,"column":8},"end":{"line":37,"column":8}},{"start":{"line":37,"column":8},"end":{"line":37,"column":8}}]},"10":{"line":50,"type":"if","locations":[{"start":{"line":50,"column":8},"end":{"line":50,"column":8}},{"start":{"line":50,"column":8},"end":{"line":50,"column":8}}]}}}}